[2024-09-26 01:03:09,513] INFO [Controller id=0] New topics: [Set(vehicle-telemetry)], deleted topics: [Set()], new partition replica assignment [Set(TopicIdReplicaAssignment(vehicle-telemetry,Some(9M-7J5awSmSgGClEmgLm6A),Map(vehicle-telemetry-0 -> ReplicaAssignment(replicas=0, addingReplicas=, removingReplicas=))))] (kafka.controller.KafkaController)
[2024-09-26 01:03:09,514] INFO [Controller id=0] New partition creation callback for vehicle-telemetry-0 (kafka.controller.KafkaController)
[2024-09-26 01:03:09,534] INFO [RequestSendThread controllerId=0] Controller 0 connected to nikhil:9092 (id: 0 rack: null) for sending state change requests (kafka.controller.RequestSendThread)
[2024-09-26 01:03:38,728] INFO [Controller id=0] Shutting down broker 0 (kafka.controller.KafkaController)
[2024-09-26 01:03:38,729] DEBUG [Controller id=0] All shutting down brokers: 0 (kafka.controller.KafkaController)
[2024-09-26 01:03:38,729] DEBUG [Controller id=0] Live brokers:  (kafka.controller.KafkaController)
[2024-09-26 01:03:38,731] TRACE [Controller id=0] All leaders = vehicle-telemetry-0 -> (Leader:0,ISR:0,LeaderRecoveryState:RECOVERED,LeaderEpoch:0,ZkVersion:0,ControllerEpoch:1) (kafka.controller.KafkaController)
[2024-09-26 01:03:38,795] INFO [ControllerEventThread controllerId=0] Shutting down (kafka.controller.ControllerEventManager$ControllerEventThread)
[2024-09-26 01:03:38,795] INFO [ControllerEventThread controllerId=0] Shutdown completed (kafka.controller.ControllerEventManager$ControllerEventThread)
[2024-09-26 01:03:38,795] INFO [ControllerEventThread controllerId=0] Stopped (kafka.controller.ControllerEventManager$ControllerEventThread)
[2024-09-26 01:03:38,795] DEBUG [Controller id=0] Resigning (kafka.controller.KafkaController)
[2024-09-26 01:03:38,796] DEBUG [Controller id=0] Unregister BrokerModifications handler for Set(0) (kafka.controller.KafkaController)
[2024-09-26 01:03:38,796] INFO [PartitionStateMachine controllerId=0] Stopped partition state machine (kafka.controller.ZkPartitionStateMachine)
[2024-09-26 01:03:38,797] INFO [ReplicaStateMachine controllerId=0] Stopped replica state machine (kafka.controller.ZkReplicaStateMachine)
[2024-09-26 01:03:38,797] INFO [RequestSendThread controllerId=0] Shutting down (kafka.controller.RequestSendThread)
[2024-09-26 01:03:38,797] INFO [RequestSendThread controllerId=0] Shutdown completed (kafka.controller.RequestSendThread)
[2024-09-26 01:03:38,797] INFO [RequestSendThread controllerId=0] Stopped (kafka.controller.RequestSendThread)
[2024-09-26 01:03:38,798] INFO [Controller id=0] Resigned (kafka.controller.KafkaController)
[2024-09-26 01:03:42,587] INFO [ControllerEventThread controllerId=0] Starting (kafka.controller.ControllerEventManager$ControllerEventThread)
[2024-09-26 01:03:42,601] INFO [Controller id=0] 0 successfully elected as the controller. Epoch incremented to 2 and epoch zk version is now 2 (kafka.controller.KafkaController)
[2024-09-26 01:03:42,604] INFO [Controller id=0] Registering handlers (kafka.controller.KafkaController)
[2024-09-26 01:03:42,607] INFO [Controller id=0] Deleting log dir event notifications (kafka.controller.KafkaController)
[2024-09-26 01:03:42,609] INFO [Controller id=0] Deleting isr change notifications (kafka.controller.KafkaController)
[2024-09-26 01:03:42,610] INFO [Controller id=0] Initializing controller context (kafka.controller.KafkaController)
[2024-09-26 01:03:42,628] INFO [Controller id=0] Initialized broker epochs cache: Map(0 -> 52) (kafka.controller.KafkaController)
[2024-09-26 01:03:42,647] DEBUG [Controller id=0] Register BrokerModifications handler for Set(0) (kafka.controller.KafkaController)
[2024-09-26 01:03:42,654] DEBUG [Channel manager on controller 0]: Controller 0 trying to connect to broker 0 (kafka.controller.ControllerChannelManager)
[2024-09-26 01:03:42,661] INFO [RequestSendThread controllerId=0] Starting (kafka.controller.RequestSendThread)
[2024-09-26 01:03:42,661] INFO [Controller id=0] Currently active brokers in the cluster: Set(0) (kafka.controller.KafkaController)
[2024-09-26 01:03:42,661] INFO [Controller id=0] Currently shutting brokers in the cluster: Set() (kafka.controller.KafkaController)
[2024-09-26 01:03:42,661] INFO [Controller id=0] Current list of topics in the cluster: Set(vehicle-telemetry) (kafka.controller.KafkaController)
[2024-09-26 01:03:42,662] INFO [Controller id=0] Fetching topic deletions in progress (kafka.controller.KafkaController)
[2024-09-26 01:03:42,665] INFO [Controller id=0] List of topics to be deleted:  (kafka.controller.KafkaController)
[2024-09-26 01:03:42,666] INFO [Controller id=0] List of topics ineligible for deletion:  (kafka.controller.KafkaController)
[2024-09-26 01:03:42,666] INFO [Controller id=0] Initializing topic deletion manager (kafka.controller.KafkaController)
[2024-09-26 01:03:42,666] INFO [Topic Deletion Manager 0] Initializing manager with initial deletions: Set(), initial ineligible deletions: Set() (kafka.controller.TopicDeletionManager)
[2024-09-26 01:03:42,666] INFO [Controller id=0] Sending update metadata request (kafka.controller.KafkaController)
[2024-09-26 01:03:42,673] INFO [ReplicaStateMachine controllerId=0] Initializing replica state (kafka.controller.ZkReplicaStateMachine)
[2024-09-26 01:03:42,675] INFO [ReplicaStateMachine controllerId=0] Triggering online replica state changes (kafka.controller.ZkReplicaStateMachine)
[2024-09-26 01:03:42,680] WARN [RequestSendThread controllerId=0] Controller 0's connection to broker nikhil:9092 (id: 0 rack: null) was unsuccessful (kafka.controller.RequestSendThread)
java.io.IOException: Connection to nikhil:9092 (id: 0 rack: null) failed.
	at org.apache.kafka.clients.NetworkClientUtils.awaitReady(NetworkClientUtils.java:71)
	at kafka.controller.RequestSendThread.brokerReady(ControllerChannelManager.scala:299)
	at kafka.controller.RequestSendThread.doWork(ControllerChannelManager.scala:252)
	at org.apache.kafka.server.util.ShutdownableThread.run(ShutdownableThread.java:135)
[2024-09-26 01:03:42,688] INFO [ReplicaStateMachine controllerId=0] Triggering offline replica state changes (kafka.controller.ZkReplicaStateMachine)
[2024-09-26 01:03:42,688] DEBUG [ReplicaStateMachine controllerId=0] Started replica state machine with initial state -> Map([Topic=vehicle-telemetry,Partition=0,Replica=0] -> OnlineReplica) (kafka.controller.ZkReplicaStateMachine)
[2024-09-26 01:03:42,689] INFO [PartitionStateMachine controllerId=0] Initializing partition state (kafka.controller.ZkPartitionStateMachine)
[2024-09-26 01:03:42,690] INFO [PartitionStateMachine controllerId=0] Triggering online partition state changes (kafka.controller.ZkPartitionStateMachine)
[2024-09-26 01:03:42,691] DEBUG [PartitionStateMachine controllerId=0] Started partition state machine with initial state -> Map(vehicle-telemetry-0 -> OnlinePartition) (kafka.controller.ZkPartitionStateMachine)
[2024-09-26 01:03:42,691] INFO [Controller id=0] Ready to serve as the new controller with epoch 2 (kafka.controller.KafkaController)
[2024-09-26 01:03:42,695] INFO [Controller id=0] Partitions undergoing preferred replica election:  (kafka.controller.KafkaController)
[2024-09-26 01:03:42,695] INFO [Controller id=0] Partitions that completed preferred replica election:  (kafka.controller.KafkaController)
[2024-09-26 01:03:42,695] INFO [Controller id=0] Skipping preferred replica election for partitions due to topic deletion:  (kafka.controller.KafkaController)
[2024-09-26 01:03:42,695] INFO [Controller id=0] Resuming preferred replica election for partitions:  (kafka.controller.KafkaController)
[2024-09-26 01:03:42,696] INFO [Controller id=0] Starting replica leader election (PREFERRED) for partitions  triggered by ZkTriggered (kafka.controller.KafkaController)
[2024-09-26 01:03:42,705] INFO [Controller id=0] Starting the controller scheduler (kafka.controller.KafkaController)
[2024-09-26 01:03:42,783] INFO [RequestSendThread controllerId=0] Controller 0 connected to nikhil:9092 (id: 0 rack: null) for sending state change requests (kafka.controller.RequestSendThread)
[2024-09-26 01:03:47,706] INFO [Controller id=0] Processing automatic preferred replica leader election (kafka.controller.KafkaController)
[2024-09-26 01:03:47,707] TRACE [Controller id=0] Checking need to trigger auto leader balancing (kafka.controller.KafkaController)
[2024-09-26 01:03:47,711] DEBUG [Controller id=0] Topics not in preferred replica for broker 0 Map() (kafka.controller.KafkaController)
[2024-09-26 01:03:47,712] TRACE [Controller id=0] Leader imbalance ratio for broker 0 is 0.0 (kafka.controller.KafkaController)
[2024-09-26 01:08:47,712] INFO [Controller id=0] Processing automatic preferred replica leader election (kafka.controller.KafkaController)
[2024-09-26 01:08:47,712] TRACE [Controller id=0] Checking need to trigger auto leader balancing (kafka.controller.KafkaController)
[2024-09-26 01:08:47,713] DEBUG [Controller id=0] Topics not in preferred replica for broker 0 Map() (kafka.controller.KafkaController)
[2024-09-26 01:08:47,713] TRACE [Controller id=0] Leader imbalance ratio for broker 0 is 0.0 (kafka.controller.KafkaController)
[2024-09-26 01:13:47,713] INFO [Controller id=0] Processing automatic preferred replica leader election (kafka.controller.KafkaController)
[2024-09-26 01:13:47,713] TRACE [Controller id=0] Checking need to trigger auto leader balancing (kafka.controller.KafkaController)
[2024-09-26 01:13:47,714] DEBUG [Controller id=0] Topics not in preferred replica for broker 0 Map() (kafka.controller.KafkaController)
[2024-09-26 01:13:47,714] TRACE [Controller id=0] Leader imbalance ratio for broker 0 is 0.0 (kafka.controller.KafkaController)
[2024-09-26 01:18:47,714] INFO [Controller id=0] Processing automatic preferred replica leader election (kafka.controller.KafkaController)
[2024-09-26 01:18:47,714] TRACE [Controller id=0] Checking need to trigger auto leader balancing (kafka.controller.KafkaController)
[2024-09-26 01:18:47,715] DEBUG [Controller id=0] Topics not in preferred replica for broker 0 Map() (kafka.controller.KafkaController)
[2024-09-26 01:18:47,715] TRACE [Controller id=0] Leader imbalance ratio for broker 0 is 0.0 (kafka.controller.KafkaController)
[2024-09-26 01:23:06,497] INFO [Controller id=0] Shutting down broker 0 (kafka.controller.KafkaController)
[2024-09-26 01:23:06,498] DEBUG [Controller id=0] All shutting down brokers: 0 (kafka.controller.KafkaController)
[2024-09-26 01:23:06,498] DEBUG [Controller id=0] Live brokers:  (kafka.controller.KafkaController)
[2024-09-26 01:23:06,500] TRACE [Controller id=0] All leaders = vehicle-telemetry-0 -> (Leader:0,ISR:0,LeaderRecoveryState:RECOVERED,LeaderEpoch:0,ZkVersion:0,ControllerEpoch:1) (kafka.controller.KafkaController)
[2024-09-26 01:23:06,550] INFO [ControllerEventThread controllerId=0] Shutting down (kafka.controller.ControllerEventManager$ControllerEventThread)
[2024-09-26 01:23:06,550] INFO [ControllerEventThread controllerId=0] Shutdown completed (kafka.controller.ControllerEventManager$ControllerEventThread)
[2024-09-26 01:23:06,550] INFO [ControllerEventThread controllerId=0] Stopped (kafka.controller.ControllerEventManager$ControllerEventThread)
[2024-09-26 01:23:06,551] DEBUG [Controller id=0] Resigning (kafka.controller.KafkaController)
[2024-09-26 01:23:06,551] DEBUG [Controller id=0] Unregister BrokerModifications handler for Set(0) (kafka.controller.KafkaController)
[2024-09-26 01:23:06,551] INFO [PartitionStateMachine controllerId=0] Stopped partition state machine (kafka.controller.ZkPartitionStateMachine)
[2024-09-26 01:23:06,552] INFO [ReplicaStateMachine controllerId=0] Stopped replica state machine (kafka.controller.ZkReplicaStateMachine)
[2024-09-26 01:23:06,552] INFO [RequestSendThread controllerId=0] Shutting down (kafka.controller.RequestSendThread)
[2024-09-26 01:23:06,552] INFO [RequestSendThread controllerId=0] Shutdown completed (kafka.controller.RequestSendThread)
[2024-09-26 01:23:06,552] INFO [RequestSendThread controllerId=0] Stopped (kafka.controller.RequestSendThread)
[2024-09-26 01:23:06,553] INFO [Controller id=0] Resigned (kafka.controller.KafkaController)
