[2024-09-26 01:03:09,515] INFO [Controller id=0 epoch=1] Changed partition vehicle-telemetry-0 state from NonExistentPartition to NewPartition with assigned replicas 0 (state.change.logger)
[2024-09-26 01:03:09,516] INFO [Controller id=0 epoch=1] Sending UpdateMetadata request to brokers Set() for 0 partitions (state.change.logger)
[2024-09-26 01:03:09,518] INFO [Controller id=0 epoch=1] Sending UpdateMetadata request to brokers Set() for 0 partitions (state.change.logger)
[2024-09-26 01:03:09,530] INFO [Controller id=0 epoch=1] Changed partition vehicle-telemetry-0 from NewPartition to OnlinePartition with state LeaderAndIsr(leader=0, leaderEpoch=0, isrWithBrokerEpoch=List(BrokerState(brokerId=0, brokerEpoch=-1)), leaderRecoveryState=RECOVERED, partitionEpoch=0) (state.change.logger)
[2024-09-26 01:03:09,531] INFO [Controller id=0 epoch=1] Sending LeaderAndIsr request to broker 0 with 1 become-leader and 0 become-follower partitions (state.change.logger)
[2024-09-26 01:03:09,532] INFO [Controller id=0 epoch=1] Sending UpdateMetadata request to brokers Set(0) for 1 partitions (state.change.logger)
[2024-09-26 01:03:09,533] INFO [Controller id=0 epoch=1] Sending UpdateMetadata request to brokers Set() for 0 partitions (state.change.logger)
[2024-09-26 01:03:09,536] INFO [Broker id=0] Handling LeaderAndIsr request correlationId 1 from controller 0 for 1 partitions (state.change.logger)
[2024-09-26 01:03:09,547] INFO [Broker id=0] Stopped fetchers as part of LeaderAndIsr request correlationId 1 from controller 0 epoch 1 as part of the become-leader transition for 1 partitions (state.change.logger)
[2024-09-26 01:03:09,590] INFO [Broker id=0] Leader vehicle-telemetry-0 with topic id Some(9M-7J5awSmSgGClEmgLm6A) starts at leader epoch 0 from offset 0 with partition epoch 0, high watermark 0, ISR [0], adding replicas [] and removing replicas [] . Previous leader None and previous leader epoch was -1. (state.change.logger)
[2024-09-26 01:03:09,598] INFO [Broker id=0] Finished LeaderAndIsr request in 63ms correlationId 1 from controller 0 for 1 partitions (state.change.logger)
[2024-09-26 01:03:09,602] INFO [Broker id=0] Add 1 partitions and deleted 0 partitions from metadata cache in response to UpdateMetadata request sent by controller 0 epoch 1 with correlation id 2 (state.change.logger)
[2024-09-26 01:03:38,730] INFO [Controller id=0 epoch=1] Sending UpdateMetadata request to brokers Set() for 0 partitions (state.change.logger)
[2024-09-26 01:03:42,668] INFO [Controller id=0 epoch=2] Sending UpdateMetadata request to brokers Set(0) for 0 partitions (state.change.logger)
[2024-09-26 01:03:42,685] INFO [Controller id=0 epoch=2] Sending LeaderAndIsr request to broker 0 with 1 become-leader and 0 become-follower partitions (state.change.logger)
[2024-09-26 01:03:42,687] INFO [Controller id=0 epoch=2] Sending UpdateMetadata request to brokers Set(0) for 1 partitions (state.change.logger)
[2024-09-26 01:03:42,816] INFO [Broker id=0] Handling LeaderAndIsr request correlationId 1 from controller 0 for 1 partitions (state.change.logger)
[2024-09-26 01:03:42,826] INFO [Broker id=0] Stopped fetchers as part of LeaderAndIsr request correlationId 1 from controller 0 epoch 2 as part of the become-leader transition for 1 partitions (state.change.logger)
[2024-09-26 01:03:42,833] INFO [Broker id=0] Leader vehicle-telemetry-0 with topic id Some(9M-7J5awSmSgGClEmgLm6A) starts at leader epoch 0 from offset 0 with partition epoch 0, high watermark 0, ISR [0], adding replicas [] and removing replicas [] . Previous leader None and previous leader epoch was -1. (state.change.logger)
[2024-09-26 01:03:42,852] INFO [Broker id=0] Finished LeaderAndIsr request in 36ms correlationId 1 from controller 0 for 1 partitions (state.change.logger)
[2024-09-26 01:03:42,858] INFO [Broker id=0] Add 1 partitions and deleted 0 partitions from metadata cache in response to UpdateMetadata request sent by controller 0 epoch 2 with correlation id 2 (state.change.logger)
[2024-09-26 01:23:06,499] INFO [Controller id=0 epoch=2] Sending UpdateMetadata request to brokers Set() for 0 partitions (state.change.logger)
